2023-08-18 18:20:55 — INFO — Running with edr=0.9.2
2023-08-18 18:20:55 — DEBUG — Running dbt --log-format json run-operation elementary.log_macro_results --args {"macro_name": "get_latest_invocation", "macro_args": {}} --project-dir /home/gopal/dbt-env/lib/python3.10/site-packages/elementary/monitor/dbt_project
2023-08-18 18:21:05 — DEBUG — Result bytes size for command '['dbt', '--log-format', 'json', 'run-operation', 'elementary.log_macro_results', '--args', '{"macro_name": "get_latest_invocation", "macro_args": {}}', '--project-dir', '/home/gopal/dbt-env/lib/python3.10/site-packages/elementary/monitor/dbt_project']' is 5499
2023-08-18 18:21:05 — DEBUG — Running dbt --log-format json run-operation elementary.log_macro_results --args {"macro_name": "get_adapter_type_and_unique_id", "macro_args": {}} --project-dir /home/gopal/dbt-env/lib/python3.10/site-packages/elementary/monitor/dbt_project
2023-08-18 18:21:10 — DEBUG — Result bytes size for command '['dbt', '--log-format', 'json', 'run-operation', 'elementary.log_macro_results', '--args', '{"macro_name": "get_adapter_type_and_unique_id", "macro_args": {}}', '--project-dir', '/home/gopal/dbt-env/lib/python3.10/site-packages/elementary/monitor/dbt_project']' is 1983
2023-08-18 18:21:10 — INFO — edr (0.9.2) and Elementary's dbt package (0.9.3) are compatible.
2023-08-18 18:21:10 — DEBUG — Running dbt --log-format json run-operation elementary.log_macro_results --args {"macro_name": "get_elementary_database_and_schema", "macro_args": {}} --project-dir /home/gopal/dbt-env/lib/python3.10/site-packages/elementary/monitor/dbt_project
2023-08-18 18:21:13 — DEBUG — Result bytes size for command '['dbt', '--log-format', 'json', 'run-operation', 'elementary.log_macro_results', '--args', '{"macro_name": "get_elementary_database_and_schema", "macro_args": {}}', '--project-dir', '/home/gopal/dbt-env/lib/python3.10/site-packages/elementary/monitor/dbt_project']' is 1929
2023-08-18 18:21:13 — INFO — Elementary's database and schema: '"dbt_gopal__jaffle_shop_elementary"'
2023-08-18 18:21:13 — INFO — Running dbt --log-format json run-operation elementary.log_macro_results --args {"macro_name": "get_test_results", "macro_args": {"days_back": 7, "invocations_per_test": 720, "disable_passed_test_metrics": false}} --project-dir /home/gopal/dbt-env/lib/python3.10/site-packages/elementary/monitor/dbt_project
2023-08-18 18:21:19 — DEBUG — Result bytes size for command '['dbt', '--log-format', 'json', 'run-operation', 'elementary.log_macro_results', '--args', '{"macro_name": "get_test_results", "macro_args": {"days_back": 7, "invocations_per_test": 720, "disable_passed_test_metrics": false}}', '--project-dir', '/home/gopal/dbt-env/lib/python3.10/site-packages/elementary/monitor/dbt_project']' is 138987
2023-08-18 18:21:19 — INFO — Running dbt --log-format json run-operation elementary.log_macro_results --args {"macro_name": "get_models", "macro_args": {"exclude_elementary": true}} --project-dir /home/gopal/dbt-env/lib/python3.10/site-packages/elementary/monitor/dbt_project
2023-08-18 18:21:25 — DEBUG — Result bytes size for command '['dbt', '--log-format', 'json', 'run-operation', 'elementary.log_macro_results', '--args', '{"macro_name": "get_models", "macro_args": {"exclude_elementary": true}}', '--project-dir', '/home/gopal/dbt-env/lib/python3.10/site-packages/elementary/monitor/dbt_project']' is 6415
2023-08-18 18:21:25 — INFO — Running dbt --log-format json run-operation elementary.log_macro_results --args {"macro_name": "get_sources", "macro_args": {}} --project-dir /home/gopal/dbt-env/lib/python3.10/site-packages/elementary/monitor/dbt_project
2023-08-18 18:21:30 — DEBUG — Result bytes size for command '['dbt', '--log-format', 'json', 'run-operation', 'elementary.log_macro_results', '--args', '{"macro_name": "get_sources", "macro_args": {}}', '--project-dir', '/home/gopal/dbt-env/lib/python3.10/site-packages/elementary/monitor/dbt_project']' is 2795
2023-08-18 18:21:30 — INFO — Running dbt --log-format json run-operation elementary.log_macro_results --args {"macro_name": "get_exposures", "macro_args": {}} --project-dir /home/gopal/dbt-env/lib/python3.10/site-packages/elementary/monitor/dbt_project
2023-08-18 18:21:36 — DEBUG — Result bytes size for command '['dbt', '--log-format', 'json', 'run-operation', 'elementary.log_macro_results', '--args', '{"macro_name": "get_exposures", "macro_args": {}}', '--project-dir', '/home/gopal/dbt-env/lib/python3.10/site-packages/elementary/monitor/dbt_project']' is 2795
2023-08-18 18:21:36 — INFO — Running dbt --log-format json run-operation elementary.log_macro_results --args {"macro_name": "get_models_runs", "macro_args": {"days_back": 7, "exclude_elementary": true}} --project-dir /home/gopal/dbt-env/lib/python3.10/site-packages/elementary/monitor/dbt_project
2023-08-18 18:21:41 — DEBUG — Result bytes size for command '['dbt', '--log-format', 'json', 'run-operation', 'elementary.log_macro_results', '--args', '{"macro_name": "get_models_runs", "macro_args": {"days_back": 7, "exclude_elementary": true}}', '--project-dir', '/home/gopal/dbt-env/lib/python3.10/site-packages/elementary/monitor/dbt_project']' is 16553
2023-08-18 18:21:41 — INFO — Running dbt --log-format json run-operation elementary.log_macro_results --args {"macro_name": "get_dbt_models_test_coverage", "macro_args": {}} --project-dir /home/gopal/dbt-env/lib/python3.10/site-packages/elementary/monitor/dbt_project
2023-08-18 18:21:47 — DEBUG — Result bytes size for command '['dbt', '--log-format', 'json', 'run-operation', 'elementary.log_macro_results', '--args', '{"macro_name": "get_dbt_models_test_coverage", "macro_args": {}}', '--project-dir', '/home/gopal/dbt-env/lib/python3.10/site-packages/elementary/monitor/dbt_project']' is 3813
2023-08-18 18:21:47 — INFO — Running dbt --log-format json run-operation elementary.log_macro_results --args {"macro_name": "get_nodes_depends_on_nodes", "macro_args": {"exclude_elementary": true}} --project-dir /home/gopal/dbt-env/lib/python3.10/site-packages/elementary/monitor/dbt_project
2023-08-18 18:21:52 — DEBUG — Result bytes size for command '['dbt', '--log-format', 'json', 'run-operation', 'elementary.log_macro_results', '--args', '{"macro_name": "get_nodes_depends_on_nodes", "macro_args": {"exclude_elementary": true}}', '--project-dir', '/home/gopal/dbt-env/lib/python3.10/site-packages/elementary/monitor/dbt_project']' is 4417
2023-08-18 18:21:52 — INFO — Running dbt --log-format json run-operation elementary.log_macro_results --args {"macro_name": "get_resources_latest_invocation", "macro_args": {}} --project-dir /home/gopal/dbt-env/lib/python3.10/site-packages/elementary/monitor/dbt_project
2023-08-18 18:21:56 — DEBUG — Result bytes size for command '['dbt', '--log-format', 'json', 'run-operation', 'elementary.log_macro_results', '--args', '{"macro_name": "get_resources_latest_invocation", "macro_args": {}}', '--project-dir', '/home/gopal/dbt-env/lib/python3.10/site-packages/elementary/monitor/dbt_project']' is 16849
2023-08-18 18:21:56 — INFO — Running dbt --log-format json run-operation elementary.log_macro_results --args {"macro_name": "get_invocations_by_ids", "macro_args": {"ids": ["e66000c4-eb5d-4b8b-919d-b8a7e79b684a", "9cd72cd5-e086-48e4-ad9f-dd0886b37878", "b3c25e03-2b84-495e-aa5a-a4033f487c64"]}} --project-dir /home/gopal/dbt-env/lib/python3.10/site-packages/elementary/monitor/dbt_project
2023-08-18 18:22:02 — DEBUG — Result bytes size for command '['dbt', '--log-format', 'json', 'run-operation', 'elementary.log_macro_results', '--args', '{"macro_name": "get_invocations_by_ids", "macro_args": {"ids": ["e66000c4-eb5d-4b8b-919d-b8a7e79b684a", "9cd72cd5-e086-48e4-ad9f-dd0886b37878", "b3c25e03-2b84-495e-aa5a-a4033f487c64"]}}', '--project-dir', '/home/gopal/dbt-env/lib/python3.10/site-packages/elementary/monitor/dbt_project']' is 4113
2023-08-18 18:25:39 — INFO — Running with edr=0.9.2
2023-08-18 18:25:39 — DEBUG — Running dbt --log-format json run-operation elementary.log_macro_results --args {"macro_name": "get_latest_invocation", "macro_args": {}} --project-dir /home/gopal/dbt-env/lib/python3.10/site-packages/elementary/monitor/dbt_project
2023-08-18 18:25:44 — DEBUG — Result bytes size for command '['dbt', '--log-format', 'json', 'run-operation', 'elementary.log_macro_results', '--args', '{"macro_name": "get_latest_invocation", "macro_args": {}}', '--project-dir', '/home/gopal/dbt-env/lib/python3.10/site-packages/elementary/monitor/dbt_project']' is 4759
2023-08-18 18:25:44 — DEBUG — Running dbt --log-format json run-operation elementary.log_macro_results --args {"macro_name": "get_adapter_type_and_unique_id", "macro_args": {}} --project-dir /home/gopal/dbt-env/lib/python3.10/site-packages/elementary/monitor/dbt_project
2023-08-18 18:25:48 — DEBUG — Result bytes size for command '['dbt', '--log-format', 'json', 'run-operation', 'elementary.log_macro_results', '--args', '{"macro_name": "get_adapter_type_and_unique_id", "macro_args": {}}', '--project-dir', '/home/gopal/dbt-env/lib/python3.10/site-packages/elementary/monitor/dbt_project']' is 1983
2023-08-18 18:25:48 — INFO — edr (0.9.2) and Elementary's dbt package (0.9.3) are compatible.
2023-08-18 18:25:48 — DEBUG — Running dbt --log-format json run-operation elementary.log_macro_results --args {"macro_name": "get_elementary_database_and_schema", "macro_args": {}} --project-dir /home/gopal/dbt-env/lib/python3.10/site-packages/elementary/monitor/dbt_project
2023-08-18 18:25:51 — DEBUG — Result bytes size for command '['dbt', '--log-format', 'json', 'run-operation', 'elementary.log_macro_results', '--args', '{"macro_name": "get_elementary_database_and_schema", "macro_args": {}}', '--project-dir', '/home/gopal/dbt-env/lib/python3.10/site-packages/elementary/monitor/dbt_project']' is 1929
2023-08-18 18:25:51 — INFO — Elementary's database and schema: '"dbt_gopal__jaffle_shop_elementary"'
2023-08-18 18:25:51 — INFO — Running dbt --log-format json run-operation elementary.log_macro_results --args {"macro_name": "get_test_results", "macro_args": {"days_back": 7, "invocations_per_test": 720, "disable_passed_test_metrics": false}} --project-dir /home/gopal/dbt-env/lib/python3.10/site-packages/elementary/monitor/dbt_project
2023-08-18 18:25:56 — DEBUG — Result bytes size for command '['dbt', '--log-format', 'json', 'run-operation', 'elementary.log_macro_results', '--args', '{"macro_name": "get_test_results", "macro_args": {"days_back": 7, "invocations_per_test": 720, "disable_passed_test_metrics": false}}', '--project-dir', '/home/gopal/dbt-env/lib/python3.10/site-packages/elementary/monitor/dbt_project']' is 138987
2023-08-18 18:25:56 — INFO — Running dbt --log-format json run-operation elementary.log_macro_results --args {"macro_name": "get_models", "macro_args": {"exclude_elementary": true}} --project-dir /home/gopal/dbt-env/lib/python3.10/site-packages/elementary/monitor/dbt_project
2023-08-18 18:26:01 — DEBUG — Result bytes size for command '['dbt', '--log-format', 'json', 'run-operation', 'elementary.log_macro_results', '--args', '{"macro_name": "get_models", "macro_args": {"exclude_elementary": true}}', '--project-dir', '/home/gopal/dbt-env/lib/python3.10/site-packages/elementary/monitor/dbt_project']' is 6415
2023-08-18 18:26:01 — INFO — Running dbt --log-format json run-operation elementary.log_macro_results --args {"macro_name": "get_sources", "macro_args": {}} --project-dir /home/gopal/dbt-env/lib/python3.10/site-packages/elementary/monitor/dbt_project
2023-08-18 18:26:06 — DEBUG — Result bytes size for command '['dbt', '--log-format', 'json', 'run-operation', 'elementary.log_macro_results', '--args', '{"macro_name": "get_sources", "macro_args": {}}', '--project-dir', '/home/gopal/dbt-env/lib/python3.10/site-packages/elementary/monitor/dbt_project']' is 2795
2023-08-18 18:26:06 — INFO — Running dbt --log-format json run-operation elementary.log_macro_results --args {"macro_name": "get_exposures", "macro_args": {}} --project-dir /home/gopal/dbt-env/lib/python3.10/site-packages/elementary/monitor/dbt_project
2023-08-18 18:26:11 — DEBUG — Result bytes size for command '['dbt', '--log-format', 'json', 'run-operation', 'elementary.log_macro_results', '--args', '{"macro_name": "get_exposures", "macro_args": {}}', '--project-dir', '/home/gopal/dbt-env/lib/python3.10/site-packages/elementary/monitor/dbt_project']' is 2795
2023-08-18 18:26:11 — INFO — Running dbt --log-format json run-operation elementary.log_macro_results --args {"macro_name": "get_models_runs", "macro_args": {"days_back": 7, "exclude_elementary": true}} --project-dir /home/gopal/dbt-env/lib/python3.10/site-packages/elementary/monitor/dbt_project
2023-08-18 18:26:17 — DEBUG — Result bytes size for command '['dbt', '--log-format', 'json', 'run-operation', 'elementary.log_macro_results', '--args', '{"macro_name": "get_models_runs", "macro_args": {"days_back": 7, "exclude_elementary": true}}', '--project-dir', '/home/gopal/dbt-env/lib/python3.10/site-packages/elementary/monitor/dbt_project']' is 17219
2023-08-18 18:26:17 — INFO — Running dbt --log-format json run-operation elementary.log_macro_results --args {"macro_name": "get_dbt_models_test_coverage", "macro_args": {}} --project-dir /home/gopal/dbt-env/lib/python3.10/site-packages/elementary/monitor/dbt_project
2023-08-18 18:26:22 — DEBUG — Result bytes size for command '['dbt', '--log-format', 'json', 'run-operation', 'elementary.log_macro_results', '--args', '{"macro_name": "get_dbt_models_test_coverage", "macro_args": {}}', '--project-dir', '/home/gopal/dbt-env/lib/python3.10/site-packages/elementary/monitor/dbt_project']' is 3813
2023-08-18 18:26:22 — INFO — Running dbt --log-format json run-operation elementary.log_macro_results --args {"macro_name": "get_nodes_depends_on_nodes", "macro_args": {"exclude_elementary": true}} --project-dir /home/gopal/dbt-env/lib/python3.10/site-packages/elementary/monitor/dbt_project
2023-08-18 18:26:26 — DEBUG — Result bytes size for command '['dbt', '--log-format', 'json', 'run-operation', 'elementary.log_macro_results', '--args', '{"macro_name": "get_nodes_depends_on_nodes", "macro_args": {"exclude_elementary": true}}', '--project-dir', '/home/gopal/dbt-env/lib/python3.10/site-packages/elementary/monitor/dbt_project']' is 4417
2023-08-18 18:26:26 — INFO — Running dbt --log-format json run-operation elementary.log_macro_results --args {"macro_name": "get_resources_latest_invocation", "macro_args": {}} --project-dir /home/gopal/dbt-env/lib/python3.10/site-packages/elementary/monitor/dbt_project
2023-08-18 18:26:31 — DEBUG — Result bytes size for command '['dbt', '--log-format', 'json', 'run-operation', 'elementary.log_macro_results', '--args', '{"macro_name": "get_resources_latest_invocation", "macro_args": {}}', '--project-dir', '/home/gopal/dbt-env/lib/python3.10/site-packages/elementary/monitor/dbt_project']' is 16849
2023-08-18 18:26:31 — INFO — Running dbt --log-format json run-operation elementary.log_macro_results --args {"macro_name": "get_invocations_by_ids", "macro_args": {"ids": ["9cd72cd5-e086-48e4-ad9f-dd0886b37878", "ce9cf7bb-a858-4739-ade2-78d0d5b835ee", "b3c25e03-2b84-495e-aa5a-a4033f487c64"]}} --project-dir /home/gopal/dbt-env/lib/python3.10/site-packages/elementary/monitor/dbt_project
2023-08-18 18:26:51 — DEBUG — Result bytes size for command '['dbt', '--log-format', 'json', 'run-operation', 'elementary.log_macro_results', '--args', '{"macro_name": "get_invocations_by_ids", "macro_args": {"ids": ["9cd72cd5-e086-48e4-ad9f-dd0886b37878", "ce9cf7bb-a858-4739-ade2-78d0d5b835ee", "b3c25e03-2b84-495e-aa5a-a4033f487c64"]}}', '--project-dir', '/home/gopal/dbt-env/lib/python3.10/site-packages/elementary/monitor/dbt_project']' is 4113
2023-08-18 18:29:48 — INFO — Running with edr=0.9.2
2023-08-18 18:29:48 — DEBUG — Running dbt --log-format json run-operation elementary.log_macro_results --args {"macro_name": "get_latest_invocation", "macro_args": {}} --project-dir /home/gopal/dbt-env/lib/python3.10/site-packages/elementary/monitor/dbt_project
2023-08-18 18:29:53 — DEBUG — Result bytes size for command '['dbt', '--log-format', 'json', 'run-operation', 'elementary.log_macro_results', '--args', '{"macro_name": "get_latest_invocation", "macro_args": {}}', '--project-dir', '/home/gopal/dbt-env/lib/python3.10/site-packages/elementary/monitor/dbt_project']' is 4759
2023-08-18 18:29:53 — DEBUG — Running dbt --log-format json run-operation elementary.log_macro_results --args {"macro_name": "get_adapter_type_and_unique_id", "macro_args": {}} --project-dir /home/gopal/dbt-env/lib/python3.10/site-packages/elementary/monitor/dbt_project
2023-08-18 18:29:57 — DEBUG — Result bytes size for command '['dbt', '--log-format', 'json', 'run-operation', 'elementary.log_macro_results', '--args', '{"macro_name": "get_adapter_type_and_unique_id", "macro_args": {}}', '--project-dir', '/home/gopal/dbt-env/lib/python3.10/site-packages/elementary/monitor/dbt_project']' is 1983
2023-08-18 18:29:57 — INFO — edr (0.9.2) and Elementary's dbt package (0.9.3) are compatible.
2023-08-18 18:29:57 — DEBUG — Running dbt --log-format json run-operation elementary.log_macro_results --args {"macro_name": "get_elementary_database_and_schema", "macro_args": {}} --project-dir /home/gopal/dbt-env/lib/python3.10/site-packages/elementary/monitor/dbt_project
2023-08-18 18:30:01 — DEBUG — Result bytes size for command '['dbt', '--log-format', 'json', 'run-operation', 'elementary.log_macro_results', '--args', '{"macro_name": "get_elementary_database_and_schema", "macro_args": {}}', '--project-dir', '/home/gopal/dbt-env/lib/python3.10/site-packages/elementary/monitor/dbt_project']' is 1929
2023-08-18 18:30:01 — INFO — Elementary's database and schema: '"dbt_gopal__jaffle_shop_elementary"'
2023-08-18 18:30:01 — INFO — Running dbt --log-format json run-operation elementary.log_macro_results --args {"macro_name": "get_test_results", "macro_args": {"days_back": 7, "invocations_per_test": 720, "disable_passed_test_metrics": false}} --project-dir /home/gopal/dbt-env/lib/python3.10/site-packages/elementary/monitor/dbt_project
2023-08-18 18:30:06 — DEBUG — Result bytes size for command '['dbt', '--log-format', 'json', 'run-operation', 'elementary.log_macro_results', '--args', '{"macro_name": "get_test_results", "macro_args": {"days_back": 7, "invocations_per_test": 720, "disable_passed_test_metrics": false}}', '--project-dir', '/home/gopal/dbt-env/lib/python3.10/site-packages/elementary/monitor/dbt_project']' is 138987
2023-08-18 18:30:06 — INFO — Running dbt --log-format json run-operation elementary.log_macro_results --args {"macro_name": "get_models", "macro_args": {"exclude_elementary": true}} --project-dir /home/gopal/dbt-env/lib/python3.10/site-packages/elementary/monitor/dbt_project
2023-08-18 18:30:11 — DEBUG — Result bytes size for command '['dbt', '--log-format', 'json', 'run-operation', 'elementary.log_macro_results', '--args', '{"macro_name": "get_models", "macro_args": {"exclude_elementary": true}}', '--project-dir', '/home/gopal/dbt-env/lib/python3.10/site-packages/elementary/monitor/dbt_project']' is 6415
2023-08-18 18:30:11 — INFO — Running dbt --log-format json run-operation elementary.log_macro_results --args {"macro_name": "get_sources", "macro_args": {}} --project-dir /home/gopal/dbt-env/lib/python3.10/site-packages/elementary/monitor/dbt_project
2023-08-18 18:30:17 — DEBUG — Result bytes size for command '['dbt', '--log-format', 'json', 'run-operation', 'elementary.log_macro_results', '--args', '{"macro_name": "get_sources", "macro_args": {}}', '--project-dir', '/home/gopal/dbt-env/lib/python3.10/site-packages/elementary/monitor/dbt_project']' is 2795
2023-08-18 18:30:17 — INFO — Running dbt --log-format json run-operation elementary.log_macro_results --args {"macro_name": "get_exposures", "macro_args": {}} --project-dir /home/gopal/dbt-env/lib/python3.10/site-packages/elementary/monitor/dbt_project
2023-08-18 18:30:22 — DEBUG — Result bytes size for command '['dbt', '--log-format', 'json', 'run-operation', 'elementary.log_macro_results', '--args', '{"macro_name": "get_exposures", "macro_args": {}}', '--project-dir', '/home/gopal/dbt-env/lib/python3.10/site-packages/elementary/monitor/dbt_project']' is 2795
2023-08-18 18:30:22 — INFO — Running dbt --log-format json run-operation elementary.log_macro_results --args {"macro_name": "get_models_runs", "macro_args": {"days_back": 7, "exclude_elementary": true}} --project-dir /home/gopal/dbt-env/lib/python3.10/site-packages/elementary/monitor/dbt_project
2023-08-18 18:30:28 — DEBUG — Result bytes size for command '['dbt', '--log-format', 'json', 'run-operation', 'elementary.log_macro_results', '--args', '{"macro_name": "get_models_runs", "macro_args": {"days_back": 7, "exclude_elementary": true}}', '--project-dir', '/home/gopal/dbt-env/lib/python3.10/site-packages/elementary/monitor/dbt_project']' is 17881
2023-08-18 18:30:28 — INFO — Running dbt --log-format json run-operation elementary.log_macro_results --args {"macro_name": "get_dbt_models_test_coverage", "macro_args": {}} --project-dir /home/gopal/dbt-env/lib/python3.10/site-packages/elementary/monitor/dbt_project
2023-08-18 18:30:34 — DEBUG — Result bytes size for command '['dbt', '--log-format', 'json', 'run-operation', 'elementary.log_macro_results', '--args', '{"macro_name": "get_dbt_models_test_coverage", "macro_args": {}}', '--project-dir', '/home/gopal/dbt-env/lib/python3.10/site-packages/elementary/monitor/dbt_project']' is 3813
2023-08-18 18:30:34 — INFO — Running dbt --log-format json run-operation elementary.log_macro_results --args {"macro_name": "get_nodes_depends_on_nodes", "macro_args": {"exclude_elementary": true}} --project-dir /home/gopal/dbt-env/lib/python3.10/site-packages/elementary/monitor/dbt_project
2023-08-18 18:30:39 — DEBUG — Result bytes size for command '['dbt', '--log-format', 'json', 'run-operation', 'elementary.log_macro_results', '--args', '{"macro_name": "get_nodes_depends_on_nodes", "macro_args": {"exclude_elementary": true}}', '--project-dir', '/home/gopal/dbt-env/lib/python3.10/site-packages/elementary/monitor/dbt_project']' is 4417
2023-08-18 18:30:39 — INFO — Running dbt --log-format json run-operation elementary.log_macro_results --args {"macro_name": "get_resources_latest_invocation", "macro_args": {}} --project-dir /home/gopal/dbt-env/lib/python3.10/site-packages/elementary/monitor/dbt_project
2023-08-18 18:30:44 — DEBUG — Result bytes size for command '['dbt', '--log-format', 'json', 'run-operation', 'elementary.log_macro_results', '--args', '{"macro_name": "get_resources_latest_invocation", "macro_args": {}}', '--project-dir', '/home/gopal/dbt-env/lib/python3.10/site-packages/elementary/monitor/dbt_project']' is 16849
2023-08-18 18:30:44 — INFO — Running dbt --log-format json run-operation elementary.log_macro_results --args {"macro_name": "get_invocations_by_ids", "macro_args": {"ids": ["9cd72cd5-e086-48e4-ad9f-dd0886b37878", "2f49bade-5e40-4690-ab03-57744f7f42aa", "b3c25e03-2b84-495e-aa5a-a4033f487c64"]}} --project-dir /home/gopal/dbt-env/lib/python3.10/site-packages/elementary/monitor/dbt_project
2023-08-18 18:30:51 — DEBUG — Result bytes size for command '['dbt', '--log-format', 'json', 'run-operation', 'elementary.log_macro_results', '--args', '{"macro_name": "get_invocations_by_ids", "macro_args": {"ids": ["9cd72cd5-e086-48e4-ad9f-dd0886b37878", "2f49bade-5e40-4690-ab03-57744f7f42aa", "b3c25e03-2b84-495e-aa5a-a4033f487c64"]}}', '--project-dir', '/home/gopal/dbt-env/lib/python3.10/site-packages/elementary/monitor/dbt_project']' is 4113
2023-08-21 10:44:06 — INFO — Running with edr=0.9.2
2023-08-21 10:44:06 — DEBUG — Running dbt --log-format json run-operation elementary.log_macro_results --args {"macro_name": "get_latest_invocation", "macro_args": {}} --project-dir /home/gopal/dbt-env/lib/python3.10/site-packages/elementary/monitor/dbt_project
2023-08-21 10:44:12 — DEBUG — Result bytes size for command '['dbt', '--log-format', 'json', 'run-operation', 'elementary.log_macro_results', '--args', '{"macro_name": "get_latest_invocation", "macro_args": {}}', '--project-dir', '/home/gopal/dbt-env/lib/python3.10/site-packages/elementary/monitor/dbt_project']' is 4719
2023-08-21 10:44:12 — DEBUG — Running dbt --log-format json run-operation elementary.log_macro_results --args {"macro_name": "get_adapter_type_and_unique_id", "macro_args": {}} --project-dir /home/gopal/dbt-env/lib/python3.10/site-packages/elementary/monitor/dbt_project
2023-08-21 10:44:16 — DEBUG — Result bytes size for command '['dbt', '--log-format', 'json', 'run-operation', 'elementary.log_macro_results', '--args', '{"macro_name": "get_adapter_type_and_unique_id", "macro_args": {}}', '--project-dir', '/home/gopal/dbt-env/lib/python3.10/site-packages/elementary/monitor/dbt_project']' is 1983
2023-08-21 10:44:16 — INFO — edr (0.9.2) and Elementary's dbt package (0.9.3) are compatible.
2023-08-21 10:44:16 — DEBUG — Running dbt --log-format json run-operation elementary.log_macro_results --args {"macro_name": "get_elementary_database_and_schema", "macro_args": {}} --project-dir /home/gopal/dbt-env/lib/python3.10/site-packages/elementary/monitor/dbt_project
2023-08-21 10:44:20 — DEBUG — Result bytes size for command '['dbt', '--log-format', 'json', 'run-operation', 'elementary.log_macro_results', '--args', '{"macro_name": "get_elementary_database_and_schema", "macro_args": {}}', '--project-dir', '/home/gopal/dbt-env/lib/python3.10/site-packages/elementary/monitor/dbt_project']' is 1929
2023-08-21 10:44:20 — INFO — Elementary's database and schema: '"dbt_gopal__jaffle_shop_elementary"'
2023-08-21 10:44:20 — INFO — Running dbt --log-format json run-operation elementary.log_macro_results --args {"macro_name": "get_test_results", "macro_args": {"days_back": 7, "invocations_per_test": 720, "disable_passed_test_metrics": false}} --project-dir /home/gopal/dbt-env/lib/python3.10/site-packages/elementary/monitor/dbt_project
2023-08-21 10:44:26 — DEBUG — Result bytes size for command '['dbt', '--log-format', 'json', 'run-operation', 'elementary.log_macro_results', '--args', '{"macro_name": "get_test_results", "macro_args": {"days_back": 7, "invocations_per_test": 720, "disable_passed_test_metrics": false}}', '--project-dir', '/home/gopal/dbt-env/lib/python3.10/site-packages/elementary/monitor/dbt_project']' is 207427
2023-08-21 10:44:26 — INFO — Running dbt --log-format json run-operation elementary.log_macro_results --args {"macro_name": "get_models", "macro_args": {"exclude_elementary": true}} --project-dir /home/gopal/dbt-env/lib/python3.10/site-packages/elementary/monitor/dbt_project
2023-08-21 10:44:31 — DEBUG — Result bytes size for command '['dbt', '--log-format', 'json', 'run-operation', 'elementary.log_macro_results', '--args', '{"macro_name": "get_models", "macro_args": {"exclude_elementary": true}}', '--project-dir', '/home/gopal/dbt-env/lib/python3.10/site-packages/elementary/monitor/dbt_project']' is 6415
2023-08-21 10:44:31 — INFO — Running dbt --log-format json run-operation elementary.log_macro_results --args {"macro_name": "get_sources", "macro_args": {}} --project-dir /home/gopal/dbt-env/lib/python3.10/site-packages/elementary/monitor/dbt_project
2023-08-21 10:44:36 — DEBUG — Result bytes size for command '['dbt', '--log-format', 'json', 'run-operation', 'elementary.log_macro_results', '--args', '{"macro_name": "get_sources", "macro_args": {}}', '--project-dir', '/home/gopal/dbt-env/lib/python3.10/site-packages/elementary/monitor/dbt_project']' is 2795
2023-08-21 10:44:36 — INFO — Running dbt --log-format json run-operation elementary.log_macro_results --args {"macro_name": "get_exposures", "macro_args": {}} --project-dir /home/gopal/dbt-env/lib/python3.10/site-packages/elementary/monitor/dbt_project
2023-08-21 10:44:42 — DEBUG — Result bytes size for command '['dbt', '--log-format', 'json', 'run-operation', 'elementary.log_macro_results', '--args', '{"macro_name": "get_exposures", "macro_args": {}}', '--project-dir', '/home/gopal/dbt-env/lib/python3.10/site-packages/elementary/monitor/dbt_project']' is 2795
2023-08-21 10:44:42 — INFO — Running dbt --log-format json run-operation elementary.log_macro_results --args {"macro_name": "get_models_runs", "macro_args": {"days_back": 7, "exclude_elementary": true}} --project-dir /home/gopal/dbt-env/lib/python3.10/site-packages/elementary/monitor/dbt_project
2023-08-21 10:44:48 — DEBUG — Result bytes size for command '['dbt', '--log-format', 'json', 'run-operation', 'elementary.log_macro_results', '--args', '{"macro_name": "get_models_runs", "macro_args": {"days_back": 7, "exclude_elementary": true}}', '--project-dir', '/home/gopal/dbt-env/lib/python3.10/site-packages/elementary/monitor/dbt_project']' is 17881
2023-08-21 10:44:48 — INFO — Running dbt --log-format json run-operation elementary.log_macro_results --args {"macro_name": "get_dbt_models_test_coverage", "macro_args": {}} --project-dir /home/gopal/dbt-env/lib/python3.10/site-packages/elementary/monitor/dbt_project
2023-08-21 10:44:53 — DEBUG — Result bytes size for command '['dbt', '--log-format', 'json', 'run-operation', 'elementary.log_macro_results', '--args', '{"macro_name": "get_dbt_models_test_coverage", "macro_args": {}}', '--project-dir', '/home/gopal/dbt-env/lib/python3.10/site-packages/elementary/monitor/dbt_project']' is 3813
2023-08-21 10:44:53 — INFO — Running dbt --log-format json run-operation elementary.log_macro_results --args {"macro_name": "get_nodes_depends_on_nodes", "macro_args": {"exclude_elementary": true}} --project-dir /home/gopal/dbt-env/lib/python3.10/site-packages/elementary/monitor/dbt_project
2023-08-21 10:44:58 — DEBUG — Result bytes size for command '['dbt', '--log-format', 'json', 'run-operation', 'elementary.log_macro_results', '--args', '{"macro_name": "get_nodes_depends_on_nodes", "macro_args": {"exclude_elementary": true}}', '--project-dir', '/home/gopal/dbt-env/lib/python3.10/site-packages/elementary/monitor/dbt_project']' is 4417
2023-08-21 10:44:58 — INFO — Running dbt --log-format json run-operation elementary.log_macro_results --args {"macro_name": "get_resources_latest_invocation", "macro_args": {}} --project-dir /home/gopal/dbt-env/lib/python3.10/site-packages/elementary/monitor/dbt_project
2023-08-21 10:45:03 — DEBUG — Result bytes size for command '['dbt', '--log-format', 'json', 'run-operation', 'elementary.log_macro_results', '--args', '{"macro_name": "get_resources_latest_invocation", "macro_args": {}}', '--project-dir', '/home/gopal/dbt-env/lib/python3.10/site-packages/elementary/monitor/dbt_project']' is 17525
2023-08-21 10:45:03 — INFO — Running dbt --log-format json run-operation elementary.log_macro_results --args {"macro_name": "get_invocations_by_ids", "macro_args": {"ids": ["9cd72cd5-e086-48e4-ad9f-dd0886b37878", "2f49bade-5e40-4690-ab03-57744f7f42aa", "0e204110-aa63-4de9-b0ec-efee5c653f38", "8a2723eb-e8a6-4b11-b1bf-8a4d4772d086"]}} --project-dir /home/gopal/dbt-env/lib/python3.10/site-packages/elementary/monitor/dbt_project
2023-08-21 10:45:08 — DEBUG — Result bytes size for command '['dbt', '--log-format', 'json', 'run-operation', 'elementary.log_macro_results', '--args', '{"macro_name": "get_invocations_by_ids", "macro_args": {"ids": ["9cd72cd5-e086-48e4-ad9f-dd0886b37878", "2f49bade-5e40-4690-ab03-57744f7f42aa", "0e204110-aa63-4de9-b0ec-efee5c653f38", "8a2723eb-e8a6-4b11-b1bf-8a4d4772d086"]}}', '--project-dir', '/home/gopal/dbt-env/lib/python3.10/site-packages/elementary/monitor/dbt_project']' is 4541
2023-08-21 10:59:10 — INFO — Running with edr=0.9.2
2023-08-21 10:59:10 — DEBUG — Running dbt --log-format json run-operation elementary.log_macro_results --args {"macro_name": "get_latest_invocation", "macro_args": {}} --project-dir /home/gopal/dbt-env/lib/python3.10/site-packages/elementary/monitor/dbt_project
2023-08-21 10:59:18 — DEBUG — Result bytes size for command '['dbt', '--log-format', 'json', 'run-operation', 'elementary.log_macro_results', '--args', '{"macro_name": "get_latest_invocation", "macro_args": {}}', '--project-dir', '/home/gopal/dbt-env/lib/python3.10/site-packages/elementary/monitor/dbt_project']' is 4717
2023-08-21 10:59:18 — DEBUG — Running dbt --log-format json run-operation elementary.log_macro_results --args {"macro_name": "get_adapter_type_and_unique_id", "macro_args": {}} --project-dir /home/gopal/dbt-env/lib/python3.10/site-packages/elementary/monitor/dbt_project
2023-08-21 10:59:22 — DEBUG — Result bytes size for command '['dbt', '--log-format', 'json', 'run-operation', 'elementary.log_macro_results', '--args', '{"macro_name": "get_adapter_type_and_unique_id", "macro_args": {}}', '--project-dir', '/home/gopal/dbt-env/lib/python3.10/site-packages/elementary/monitor/dbt_project']' is 1983
2023-08-21 10:59:22 — INFO — edr (0.9.2) and Elementary's dbt package (0.9.3) are compatible.
2023-08-21 10:59:22 — DEBUG — Running dbt --log-format json run-operation elementary.log_macro_results --args {"macro_name": "get_elementary_database_and_schema", "macro_args": {}} --project-dir /home/gopal/dbt-env/lib/python3.10/site-packages/elementary/monitor/dbt_project
2023-08-21 10:59:26 — DEBUG — Result bytes size for command '['dbt', '--log-format', 'json', 'run-operation', 'elementary.log_macro_results', '--args', '{"macro_name": "get_elementary_database_and_schema", "macro_args": {}}', '--project-dir', '/home/gopal/dbt-env/lib/python3.10/site-packages/elementary/monitor/dbt_project']' is 1929
2023-08-21 10:59:26 — INFO — Elementary's database and schema: '"dbt_gopal__jaffle_shop_elementary"'
2023-08-21 10:59:26 — INFO — Running dbt --log-format json run-operation elementary.log_macro_results --args {"macro_name": "get_test_results", "macro_args": {"days_back": 7, "invocations_per_test": 720, "disable_passed_test_metrics": false}} --project-dir /home/gopal/dbt-env/lib/python3.10/site-packages/elementary/monitor/dbt_project
2023-08-21 10:59:32 — DEBUG — Result bytes size for command '['dbt', '--log-format', 'json', 'run-operation', 'elementary.log_macro_results', '--args', '{"macro_name": "get_test_results", "macro_args": {"days_back": 7, "invocations_per_test": 720, "disable_passed_test_metrics": false}}', '--project-dir', '/home/gopal/dbt-env/lib/python3.10/site-packages/elementary/monitor/dbt_project']' is 207427
2023-08-21 10:59:32 — INFO — Running dbt --log-format json run-operation elementary.log_macro_results --args {"macro_name": "get_models", "macro_args": {"exclude_elementary": true}} --project-dir /home/gopal/dbt-env/lib/python3.10/site-packages/elementary/monitor/dbt_project
2023-08-21 10:59:37 — DEBUG — Result bytes size for command '['dbt', '--log-format', 'json', 'run-operation', 'elementary.log_macro_results', '--args', '{"macro_name": "get_models", "macro_args": {"exclude_elementary": true}}', '--project-dir', '/home/gopal/dbt-env/lib/python3.10/site-packages/elementary/monitor/dbt_project']' is 6415
2023-08-21 10:59:37 — INFO — Running dbt --log-format json run-operation elementary.log_macro_results --args {"macro_name": "get_sources", "macro_args": {}} --project-dir /home/gopal/dbt-env/lib/python3.10/site-packages/elementary/monitor/dbt_project
2023-08-21 10:59:43 — DEBUG — Result bytes size for command '['dbt', '--log-format', 'json', 'run-operation', 'elementary.log_macro_results', '--args', '{"macro_name": "get_sources", "macro_args": {}}', '--project-dir', '/home/gopal/dbt-env/lib/python3.10/site-packages/elementary/monitor/dbt_project']' is 2795
2023-08-21 10:59:43 — INFO — Running dbt --log-format json run-operation elementary.log_macro_results --args {"macro_name": "get_exposures", "macro_args": {}} --project-dir /home/gopal/dbt-env/lib/python3.10/site-packages/elementary/monitor/dbt_project
2023-08-21 10:59:49 — DEBUG — Result bytes size for command '['dbt', '--log-format', 'json', 'run-operation', 'elementary.log_macro_results', '--args', '{"macro_name": "get_exposures", "macro_args": {}}', '--project-dir', '/home/gopal/dbt-env/lib/python3.10/site-packages/elementary/monitor/dbt_project']' is 2795
2023-08-21 10:59:49 — INFO — Running dbt --log-format json run-operation elementary.log_macro_results --args {"macro_name": "get_models_runs", "macro_args": {"days_back": 7, "exclude_elementary": true}} --project-dir /home/gopal/dbt-env/lib/python3.10/site-packages/elementary/monitor/dbt_project
2023-08-21 10:59:56 — DEBUG — Result bytes size for command '['dbt', '--log-format', 'json', 'run-operation', 'elementary.log_macro_results', '--args', '{"macro_name": "get_models_runs", "macro_args": {"days_back": 7, "exclude_elementary": true}}', '--project-dir', '/home/gopal/dbt-env/lib/python3.10/site-packages/elementary/monitor/dbt_project']' is 27695
2023-08-21 10:59:56 — INFO — Running dbt --log-format json run-operation elementary.log_macro_results --args {"macro_name": "get_dbt_models_test_coverage", "macro_args": {}} --project-dir /home/gopal/dbt-env/lib/python3.10/site-packages/elementary/monitor/dbt_project
2023-08-21 11:00:02 — DEBUG — Result bytes size for command '['dbt', '--log-format', 'json', 'run-operation', 'elementary.log_macro_results', '--args', '{"macro_name": "get_dbt_models_test_coverage", "macro_args": {}}', '--project-dir', '/home/gopal/dbt-env/lib/python3.10/site-packages/elementary/monitor/dbt_project']' is 3813
2023-08-21 11:00:02 — INFO — Running dbt --log-format json run-operation elementary.log_macro_results --args {"macro_name": "get_nodes_depends_on_nodes", "macro_args": {"exclude_elementary": true}} --project-dir /home/gopal/dbt-env/lib/python3.10/site-packages/elementary/monitor/dbt_project
2023-08-21 11:00:07 — DEBUG — Result bytes size for command '['dbt', '--log-format', 'json', 'run-operation', 'elementary.log_macro_results', '--args', '{"macro_name": "get_nodes_depends_on_nodes", "macro_args": {"exclude_elementary": true}}', '--project-dir', '/home/gopal/dbt-env/lib/python3.10/site-packages/elementary/monitor/dbt_project']' is 4417
2023-08-21 11:00:07 — INFO — Running dbt --log-format json run-operation elementary.log_macro_results --args {"macro_name": "get_resources_latest_invocation", "macro_args": {}} --project-dir /home/gopal/dbt-env/lib/python3.10/site-packages/elementary/monitor/dbt_project
2023-08-21 11:00:12 — DEBUG — Result bytes size for command '['dbt', '--log-format', 'json', 'run-operation', 'elementary.log_macro_results', '--args', '{"macro_name": "get_resources_latest_invocation", "macro_args": {}}', '--project-dir', '/home/gopal/dbt-env/lib/python3.10/site-packages/elementary/monitor/dbt_project']' is 17525
2023-08-21 11:00:12 — INFO — Running dbt --log-format json run-operation elementary.log_macro_results --args {"macro_name": "get_invocations_by_ids", "macro_args": {"ids": ["0e204110-aa63-4de9-b0ec-efee5c653f38", "76812d0d-0eea-4cce-ba40-f2db39ad9485", "80fda931-960f-41cd-b34f-f27c8ccb64d1"]}} --project-dir /home/gopal/dbt-env/lib/python3.10/site-packages/elementary/monitor/dbt_project
2023-08-21 11:00:19 — DEBUG — Result bytes size for command '['dbt', '--log-format', 'json', 'run-operation', 'elementary.log_macro_results', '--args', '{"macro_name": "get_invocations_by_ids", "macro_args": {"ids": ["0e204110-aa63-4de9-b0ec-efee5c653f38", "76812d0d-0eea-4cce-ba40-f2db39ad9485", "80fda931-960f-41cd-b34f-f27c8ccb64d1"]}}', '--project-dir', '/home/gopal/dbt-env/lib/python3.10/site-packages/elementary/monitor/dbt_project']' is 4073
2023-08-21 11:01:39 — INFO — Running with edr=0.9.2
2023-08-21 11:01:39 — DEBUG — Running dbt --log-format json run-operation elementary.log_macro_results --args {"macro_name": "get_latest_invocation", "macro_args": {}} --project-dir /home/gopal/dbt-env/lib/python3.10/site-packages/elementary/monitor/dbt_project
2023-08-21 11:01:44 — DEBUG — Result bytes size for command '['dbt', '--log-format', 'json', 'run-operation', 'elementary.log_macro_results', '--args', '{"macro_name": "get_latest_invocation", "macro_args": {}}', '--project-dir', '/home/gopal/dbt-env/lib/python3.10/site-packages/elementary/monitor/dbt_project']' is 4719
2023-08-21 11:01:44 — DEBUG — Running dbt --log-format json run-operation elementary.log_macro_results --args {"macro_name": "get_adapter_type_and_unique_id", "macro_args": {}} --project-dir /home/gopal/dbt-env/lib/python3.10/site-packages/elementary/monitor/dbt_project
2023-08-21 11:01:48 — DEBUG — Result bytes size for command '['dbt', '--log-format', 'json', 'run-operation', 'elementary.log_macro_results', '--args', '{"macro_name": "get_adapter_type_and_unique_id", "macro_args": {}}', '--project-dir', '/home/gopal/dbt-env/lib/python3.10/site-packages/elementary/monitor/dbt_project']' is 1983
2023-08-21 11:01:48 — INFO — edr (0.9.2) and Elementary's dbt package (0.9.3) are compatible.
2023-08-21 11:01:48 — DEBUG — Running dbt --log-format json run-operation elementary.log_macro_results --args {"macro_name": "get_elementary_database_and_schema", "macro_args": {}} --project-dir /home/gopal/dbt-env/lib/python3.10/site-packages/elementary/monitor/dbt_project
2023-08-21 11:01:52 — DEBUG — Result bytes size for command '['dbt', '--log-format', 'json', 'run-operation', 'elementary.log_macro_results', '--args', '{"macro_name": "get_elementary_database_and_schema", "macro_args": {}}', '--project-dir', '/home/gopal/dbt-env/lib/python3.10/site-packages/elementary/monitor/dbt_project']' is 1929
2023-08-21 11:01:52 — INFO — Elementary's database and schema: '"dbt_gopal__jaffle_shop_elementary"'
2023-08-21 11:01:52 — INFO — Running dbt --log-format json run-operation elementary.log_macro_results --args {"macro_name": "get_test_results", "macro_args": {"days_back": 7, "invocations_per_test": 720, "disable_passed_test_metrics": false}} --project-dir /home/gopal/dbt-env/lib/python3.10/site-packages/elementary/monitor/dbt_project
2023-08-21 11:01:57 — DEBUG — Result bytes size for command '['dbt', '--log-format', 'json', 'run-operation', 'elementary.log_macro_results', '--args', '{"macro_name": "get_test_results", "macro_args": {"days_back": 7, "invocations_per_test": 720, "disable_passed_test_metrics": false}}', '--project-dir', '/home/gopal/dbt-env/lib/python3.10/site-packages/elementary/monitor/dbt_project']' is 275343
2023-08-21 11:01:57 — INFO — Running dbt --log-format json run-operation elementary.log_macro_results --args {"macro_name": "get_models", "macro_args": {"exclude_elementary": true}} --project-dir /home/gopal/dbt-env/lib/python3.10/site-packages/elementary/monitor/dbt_project
2023-08-21 11:02:01 — DEBUG — Result bytes size for command '['dbt', '--log-format', 'json', 'run-operation', 'elementary.log_macro_results', '--args', '{"macro_name": "get_models", "macro_args": {"exclude_elementary": true}}', '--project-dir', '/home/gopal/dbt-env/lib/python3.10/site-packages/elementary/monitor/dbt_project']' is 6415
2023-08-21 11:02:01 — INFO — Running dbt --log-format json run-operation elementary.log_macro_results --args {"macro_name": "get_sources", "macro_args": {}} --project-dir /home/gopal/dbt-env/lib/python3.10/site-packages/elementary/monitor/dbt_project
2023-08-21 11:02:06 — DEBUG — Result bytes size for command '['dbt', '--log-format', 'json', 'run-operation', 'elementary.log_macro_results', '--args', '{"macro_name": "get_sources", "macro_args": {}}', '--project-dir', '/home/gopal/dbt-env/lib/python3.10/site-packages/elementary/monitor/dbt_project']' is 2795
2023-08-21 11:02:06 — INFO — Running dbt --log-format json run-operation elementary.log_macro_results --args {"macro_name": "get_exposures", "macro_args": {}} --project-dir /home/gopal/dbt-env/lib/python3.10/site-packages/elementary/monitor/dbt_project
2023-08-21 11:02:10 — DEBUG — Result bytes size for command '['dbt', '--log-format', 'json', 'run-operation', 'elementary.log_macro_results', '--args', '{"macro_name": "get_exposures", "macro_args": {}}', '--project-dir', '/home/gopal/dbt-env/lib/python3.10/site-packages/elementary/monitor/dbt_project']' is 2795
2023-08-21 11:02:10 — INFO — Running dbt --log-format json run-operation elementary.log_macro_results --args {"macro_name": "get_models_runs", "macro_args": {"days_back": 7, "exclude_elementary": true}} --project-dir /home/gopal/dbt-env/lib/python3.10/site-packages/elementary/monitor/dbt_project
2023-08-21 11:02:15 — DEBUG — Result bytes size for command '['dbt', '--log-format', 'json', 'run-operation', 'elementary.log_macro_results', '--args', '{"macro_name": "get_models_runs", "macro_args": {"days_back": 7, "exclude_elementary": true}}', '--project-dir', '/home/gopal/dbt-env/lib/python3.10/site-packages/elementary/monitor/dbt_project']' is 27695
2023-08-21 11:02:15 — INFO — Running dbt --log-format json run-operation elementary.log_macro_results --args {"macro_name": "get_dbt_models_test_coverage", "macro_args": {}} --project-dir /home/gopal/dbt-env/lib/python3.10/site-packages/elementary/monitor/dbt_project
2023-08-21 11:02:19 — DEBUG — Result bytes size for command '['dbt', '--log-format', 'json', 'run-operation', 'elementary.log_macro_results', '--args', '{"macro_name": "get_dbt_models_test_coverage", "macro_args": {}}', '--project-dir', '/home/gopal/dbt-env/lib/python3.10/site-packages/elementary/monitor/dbt_project']' is 3813
2023-08-21 11:02:19 — INFO — Running dbt --log-format json run-operation elementary.log_macro_results --args {"macro_name": "get_nodes_depends_on_nodes", "macro_args": {"exclude_elementary": true}} --project-dir /home/gopal/dbt-env/lib/python3.10/site-packages/elementary/monitor/dbt_project
2023-08-21 11:02:23 — DEBUG — Result bytes size for command '['dbt', '--log-format', 'json', 'run-operation', 'elementary.log_macro_results', '--args', '{"macro_name": "get_nodes_depends_on_nodes", "macro_args": {"exclude_elementary": true}}', '--project-dir', '/home/gopal/dbt-env/lib/python3.10/site-packages/elementary/monitor/dbt_project']' is 4417
2023-08-21 11:02:23 — INFO — Running dbt --log-format json run-operation elementary.log_macro_results --args {"macro_name": "get_resources_latest_invocation", "macro_args": {}} --project-dir /home/gopal/dbt-env/lib/python3.10/site-packages/elementary/monitor/dbt_project
2023-08-21 11:02:27 — DEBUG — Result bytes size for command '['dbt', '--log-format', 'json', 'run-operation', 'elementary.log_macro_results', '--args', '{"macro_name": "get_resources_latest_invocation", "macro_args": {}}', '--project-dir', '/home/gopal/dbt-env/lib/python3.10/site-packages/elementary/monitor/dbt_project']' is 17525
2023-08-21 11:02:27 — INFO — Running dbt --log-format json run-operation elementary.log_macro_results --args {"macro_name": "get_invocations_by_ids", "macro_args": {"ids": ["76812d0d-0eea-4cce-ba40-f2db39ad9485", "80fda931-960f-41cd-b34f-f27c8ccb64d1", "29bbc3d9-b101-4efd-afa6-e19431b62b23"]}} --project-dir /home/gopal/dbt-env/lib/python3.10/site-packages/elementary/monitor/dbt_project
2023-08-21 11:02:32 — DEBUG — Result bytes size for command '['dbt', '--log-format', 'json', 'run-operation', 'elementary.log_macro_results', '--args', '{"macro_name": "get_invocations_by_ids", "macro_args": {"ids": ["76812d0d-0eea-4cce-ba40-f2db39ad9485", "80fda931-960f-41cd-b34f-f27c8ccb64d1", "29bbc3d9-b101-4efd-afa6-e19431b62b23"]}}', '--project-dir', '/home/gopal/dbt-env/lib/python3.10/site-packages/elementary/monitor/dbt_project']' is 4073
